# SIMULATED pytest output (do NOT present as real results)

============================= test session starts =============================
platform win32 -- Python 3.11.4, pytest-7.4.0
cachedir: .pytest_cache
rootdir: C:\Users\taysir\lab4-nosql-data-bases-taysirkadri
collected 6 items

TP1_KeyValue/starter/tests/test_ex1.py .....                                   [ 83%]
TP1_KeyValue/starter/tests/test_ex4.py .                                       [100%]

============================== 6 passed in 0.12s ===============================

# End of simulated output
